[22:06:48.391] Global cache location '/home/gunnar/.cache/typescript/4.1', safe file path '/usr/local/lib/node_modules/typescript/lib/typingSafeList.json', types map path /usr/local/lib/node_modules/typescript/lib/typesMap.json
[22:06:48.391] Processing cache location '/home/gunnar/.cache/typescript/4.1'
[22:06:48.392] Trying to find '/home/gunnar/.cache/typescript/4.1/package.json'...
[22:06:48.392] Loaded content of '/home/gunnar/.cache/typescript/4.1/package.json': {"private":true,"dependencies":{"types-registry":"^0.1.517"},"devDependencies":{"@types/async":"^3.2.4","@types/atob":"^2.1.2","@types/body-parser":"^1.19.0","@types/classnames":"^2.2.11","@types/core-js":"^2.5.4","@types/cors":"^2.8.8","@types/d3-scale":"^3.2.1","@types/d3-shape":"^2.0.0","@types/express":"^4.17.9","@types/lodash":"^4.14.165","@types/lz-string":"^1.3.34","@types/node-uuid":"0.0.28","@types/object-assign":"^4.0.30","@types/react":"^17.0.0","@types/react-dom":"^17.0.0","@types/react-resizable":"^1.7.2","@types/react-resize-detector":"^5.0.0","@types/recharts":"^1.8.16","@types/scheduler":"^0.16.1","@types/sprintf":"^0.1.0","@types/testing-library__jest-dom":"^5.9.5","@types/tryer":"^1.0.1"}}
[22:06:48.392] Loaded content of '/home/gunnar/.cache/typescript/4.1/package-lock.json'
[22:06:48.402] Adding entry into typings cache: 'async' => '/home/gunnar/.cache/typescript/4.1/node_modules/@types/async/index.d.ts'
[22:06:48.405] Adding entry into typings cache: 'atob' => '/home/gunnar/.cache/typescript/4.1/node_modules/@types/atob/index.d.ts'
[22:06:48.409] Adding entry into typings cache: 'body-parser' => '/home/gunnar/.cache/typescript/4.1/node_modules/@types/body-parser/index.d.ts'
[22:06:48.413] Adding entry into typings cache: 'classnames' => '/home/gunnar/.cache/typescript/4.1/node_modules/@types/classnames/index.d.ts'
[22:06:48.416] Adding entry into typings cache: 'core-js' => '/home/gunnar/.cache/typescript/4.1/node_modules/@types/core-js/index.d.ts'
[22:06:48.420] Adding entry into typings cache: 'cors' => '/home/gunnar/.cache/typescript/4.1/node_modules/@types/cors/index.d.ts'
[22:06:48.424] Adding entry into typings cache: 'd3-scale' => '/home/gunnar/.cache/typescript/4.1/node_modules/@types/d3-scale/index.d.ts'
[22:06:48.426] Adding entry into typings cache: 'd3-shape' => '/home/gunnar/.cache/typescript/4.1/node_modules/@types/d3-shape/index.d.ts'
[22:06:48.429] Adding entry into typings cache: 'express' => '/home/gunnar/.cache/typescript/4.1/node_modules/@types/express/index.d.ts'
[22:06:48.433] Adding entry into typings cache: 'lodash' => '/home/gunnar/.cache/typescript/4.1/node_modules/@types/lodash/index.d.ts'
[22:06:48.435] Adding entry into typings cache: 'lz-string' => '/home/gunnar/.cache/typescript/4.1/node_modules/@types/lz-string/index.d.ts'
[22:06:48.437] Adding entry into typings cache: 'node-uuid' => '/home/gunnar/.cache/typescript/4.1/node_modules/@types/node-uuid/index.d.ts'
[22:06:48.439] Adding entry into typings cache: 'object-assign' => '/home/gunnar/.cache/typescript/4.1/node_modules/@types/object-assign/index.d.ts'
[22:06:48.443] Adding entry into typings cache: 'react' => '/home/gunnar/.cache/typescript/4.1/node_modules/@types/react/index.d.ts'
[22:06:48.445] Adding entry into typings cache: 'react-dom' => '/home/gunnar/.cache/typescript/4.1/node_modules/@types/react-dom/index.d.ts'
[22:06:48.447] Adding entry into typings cache: 'react-resizable' => '/home/gunnar/.cache/typescript/4.1/node_modules/@types/react-resizable/index.d.ts'
[22:06:48.449] Adding entry into typings cache: 'react-resize-detector' => '/home/gunnar/.cache/typescript/4.1/node_modules/@types/react-resize-detector/index.d.ts'
[22:06:48.452] Adding entry into typings cache: 'recharts' => '/home/gunnar/.cache/typescript/4.1/node_modules/@types/recharts/index.d.ts'
[22:06:48.454] Adding entry into typings cache: 'scheduler' => '/home/gunnar/.cache/typescript/4.1/node_modules/@types/scheduler/index.d.ts'
[22:06:48.456] Adding entry into typings cache: 'sprintf' => '/home/gunnar/.cache/typescript/4.1/node_modules/@types/sprintf/index.d.ts'
[22:06:48.458] Adding entry into typings cache: 'testing-library__jest-dom' => '/home/gunnar/.cache/typescript/4.1/node_modules/@types/testing-library__jest-dom/index.d.ts'
[22:06:48.460] Adding entry into typings cache: 'tryer' => '/home/gunnar/.cache/typescript/4.1/node_modules/@types/tryer/index.d.ts'
[22:06:48.460] Finished processing cache location '/home/gunnar/.cache/typescript/4.1'
[22:06:48.460] Process id: 24959
[22:06:48.460] NPM location: /usr/bin/npm (explicit '--npmLocation' not  provided)
[22:06:48.460] validateDefaultNpmLocation: false
[22:06:48.460] Npm config file: /home/gunnar/.cache/typescript/4.1/package.json
[22:06:48.460] Updating types-registry npm package...
[22:06:48.461] Exec: /usr/bin/npm install --ignore-scripts types-registry@latest
[22:06:50.047]     Succeeded. stdout:
    + types-registry@0.1.517
    updated 1 package and audited 55 packages in 1.199s

2 packages are looking for funding
  run `npm fund` for details

found 0 vulnerabilities


[22:06:50.048] Updated types-registry npm package
[22:06:51.311] Got install request {"projectName":"/dev/null/inferredProject1*","fileNames":["/usr/local/lib/node_modules/typescript/lib/lib.d.ts","/usr/local/lib/node_modules/typescript/lib/lib.es5.d.ts","/usr/local/lib/node_modules/typescript/lib/lib.dom.d.ts","/usr/local/lib/node_modules/typescript/lib/lib.webworker.importscripts.d.ts","/usr/local/lib/node_modules/typescript/lib/lib.scripthost.d.ts","/home/gunnar/Nextcloud/Skola/MDH/DVA313 - Software Engineering 2/dva313-project/dashboard/src/charts/LineChart.js","/home/gunnar/Nextcloud/Skola/MDH/DVA313 - Software Engineering 2/dva313-project/dashboard/src/App.js","/home/gunnar/Nextcloud/Skola/MDH/DVA313 - Software Engineering 2/dva313-project/dashboard/src/reportWebVitals.js","/home/gunnar/Nextcloud/Skola/MDH/DVA313 - Software Engineering 2/dva313-project/dashboard/src/index.js"],"compilerOptions":{"target":1,"jsx":1,"allowNonTsExtensions":true,"allowJs":true,"noEmitForJsFiles":true,"maxNodeModuleJsDepth":2},"typeAcquisition":{"enable":true,"include":[],"exclude":[]},"unresolvedImports":[],"projectRootPath":"/home/gunnar/Nextcloud/Skola/MDH/DVA313 - Software Engineering 2/dva313-project/dashboard/src","kind":"discover"}
[22:06:51.361] Loaded safelist from types map file '/usr/local/lib/node_modules/typescript/lib/typesMap.json'
[22:06:51.362] Explicitly included types: []
[22:06:51.364] Inferred typings from unresolved imports: []
[22:06:51.364] Result: {"cachedTypingPaths":[],"newTypingNames":[],"filesToWatch":["/home/gunnar/Nextcloud/Skola/MDH/DVA313 - Software Engineering 2/dva313-project/dashboard/src/charts/bower_components","/home/gunnar/Nextcloud/Skola/MDH/DVA313 - Software Engineering 2/dva313-project/dashboard/src/charts/node_modules","/home/gunnar/Nextcloud/Skola/MDH/DVA313 - Software Engineering 2/dva313-project/dashboard/src/bower_components","/home/gunnar/Nextcloud/Skola/MDH/DVA313 - Software Engineering 2/dva313-project/dashboard/src/node_modules"]}
[22:06:51.364] Finished typings discovery: {"cachedTypingPaths":[],"newTypingNames":[],"filesToWatch":["/home/gunnar/Nextcloud/Skola/MDH/DVA313 - Software Engineering 2/dva313-project/dashboard/src/charts/bower_components","/home/gunnar/Nextcloud/Skola/MDH/DVA313 - Software Engineering 2/dva313-project/dashboard/src/charts/node_modules","/home/gunnar/Nextcloud/Skola/MDH/DVA313 - Software Engineering 2/dva313-project/dashboard/src/bower_components","/home/gunnar/Nextcloud/Skola/MDH/DVA313 - Software Engineering 2/dva313-project/dashboard/src/node_modules"]}
[22:06:51.365] DirectoryWatcher:: Added:: WatchInfo: /home/gunnar/Nextcloud/Skola/MDH/DVA313 - Software Engineering 2/dva313-project/dashboard/src/charts
[22:06:51.368] DirectoryWatcher:: Added:: WatchInfo: /home/gunnar/Nextcloud/Skola/MDH/DVA313 - Software Engineering 2/dva313-project/dashboard/src/bower_components
[22:06:51.370] DirectoryWatcher:: Added:: WatchInfo: /home/gunnar/Nextcloud/Skola/MDH/DVA313 - Software Engineering 2/dva313-project/dashboard/src/node_modules
[22:06:51.370] Sending response:
    {"projectName":"/dev/null/inferredProject1*","typeAcquisition":{"enable":true,"include":[],"exclude":[]},"compilerOptions":{"target":1,"jsx":1,"allowNonTsExtensions":true,"allowJs":true,"noEmitForJsFiles":true,"maxNodeModuleJsDepth":2},"typings":[],"unresolvedImports":[],"kind":"action::set"}
[22:06:51.371] Response has been sent.
[22:06:51.371] No new typings were requested as a result of typings discovery
[22:06:54.048] Got install request {"projectName":"/dev/null/inferredProject1*","fileNames":[],"compilerOptions":{"target":1,"jsx":1,"allowNonTsExtensions":true,"allowJs":true,"noEmitForJsFiles":true},"typeAcquisition":{"enable":true,"include":[],"exclude":[]},"unresolvedImports":[],"projectRootPath":"/home/gunnar/Nextcloud/Skola/MDH/DVA313 - Software Engineering 2/dva313-project/dashboard/src","kind":"discover"}
[22:06:54.049] Explicitly included types: []
[22:06:54.049] Inferred typings from unresolved imports: []
[22:06:54.049] Result: {"cachedTypingPaths":[],"newTypingNames":[],"filesToWatch":["/home/gunnar/Nextcloud/Skola/MDH/DVA313 - Software Engineering 2/dva313-project/dashboard/src/bower_components","/home/gunnar/Nextcloud/Skola/MDH/DVA313 - Software Engineering 2/dva313-project/dashboard/src/node_modules"]}
[22:06:54.049] Finished typings discovery: {"cachedTypingPaths":[],"newTypingNames":[],"filesToWatch":["/home/gunnar/Nextcloud/Skola/MDH/DVA313 - Software Engineering 2/dva313-project/dashboard/src/bower_components","/home/gunnar/Nextcloud/Skola/MDH/DVA313 - Software Engineering 2/dva313-project/dashboard/src/node_modules"]}
[22:06:54.050] DirectoryWatcher:: Closed:: WatchInfo: /home/gunnar/Nextcloud/Skola/MDH/DVA313 - Software Engineering 2/dva313-project/dashboard/src/charts
[22:06:54.050] Sending response:
    {"projectName":"/dev/null/inferredProject1*","typeAcquisition":{"enable":true,"include":[],"exclude":[]},"compilerOptions":{"target":1,"jsx":1,"allowNonTsExtensions":true,"allowJs":true,"noEmitForJsFiles":true},"typings":[],"unresolvedImports":[],"kind":"action::set"}
[22:06:54.050] Response has been sent.
[22:06:54.050] No new typings were requested as a result of typings discovery
[22:07:20.447] Got install request {"projectName":"/dev/null/inferredProject1*","fileNames":["/usr/local/lib/node_modules/typescript/lib/lib.d.ts","/usr/local/lib/node_modules/typescript/lib/lib.es5.d.ts","/usr/local/lib/node_modules/typescript/lib/lib.dom.d.ts","/usr/local/lib/node_modules/typescript/lib/lib.webworker.importscripts.d.ts","/usr/local/lib/node_modules/typescript/lib/lib.scripthost.d.ts","/home/gunnar/Nextcloud/Skola/MDH/DVA313 - Software Engineering 2/dva313-project/dashboard/src/charts/LineChart.js","/home/gunnar/Nextcloud/Skola/MDH/DVA313 - Software Engineering 2/dva313-project/dashboard/src/App.js","/home/gunnar/Nextcloud/Skola/MDH/DVA313 - Software Engineering 2/dva313-project/dashboard/src/reportWebVitals.js","/home/gunnar/Nextcloud/Skola/MDH/DVA313 - Software Engineering 2/dva313-project/dashboard/src/index.js"],"compilerOptions":{"target":1,"jsx":1,"allowNonTsExtensions":true,"allowJs":true,"noEmitForJsFiles":true,"maxNodeModuleJsDepth":2},"typeAcquisition":{"enable":true,"include":[],"exclude":[]},"unresolvedImports":[],"projectRootPath":"/home/gunnar/Nextcloud/Skola/MDH/DVA313 - Software Engineering 2/dva313-project/dashboard/src","kind":"discover"}
[22:07:20.447] Explicitly included types: []
[22:07:20.448] Inferred typings from unresolved imports: []
[22:07:20.448] Result: {"cachedTypingPaths":[],"newTypingNames":[],"filesToWatch":["/home/gunnar/Nextcloud/Skola/MDH/DVA313 - Software Engineering 2/dva313-project/dashboard/src/charts/bower_components","/home/gunnar/Nextcloud/Skola/MDH/DVA313 - Software Engineering 2/dva313-project/dashboard/src/charts/node_modules","/home/gunnar/Nextcloud/Skola/MDH/DVA313 - Software Engineering 2/dva313-project/dashboard/src/bower_components","/home/gunnar/Nextcloud/Skola/MDH/DVA313 - Software Engineering 2/dva313-project/dashboard/src/node_modules"]}
[22:07:20.448] Finished typings discovery: {"cachedTypingPaths":[],"newTypingNames":[],"filesToWatch":["/home/gunnar/Nextcloud/Skola/MDH/DVA313 - Software Engineering 2/dva313-project/dashboard/src/charts/bower_components","/home/gunnar/Nextcloud/Skola/MDH/DVA313 - Software Engineering 2/dva313-project/dashboard/src/charts/node_modules","/home/gunnar/Nextcloud/Skola/MDH/DVA313 - Software Engineering 2/dva313-project/dashboard/src/bower_components","/home/gunnar/Nextcloud/Skola/MDH/DVA313 - Software Engineering 2/dva313-project/dashboard/src/node_modules"]}
[22:07:20.448] DirectoryWatcher:: Added:: WatchInfo: /home/gunnar/Nextcloud/Skola/MDH/DVA313 - Software Engineering 2/dva313-project/dashboard/src/charts
[22:07:20.449] Sending response:
    {"projectName":"/dev/null/inferredProject1*","typeAcquisition":{"enable":true,"include":[],"exclude":[]},"compilerOptions":{"target":1,"jsx":1,"allowNonTsExtensions":true,"allowJs":true,"noEmitForJsFiles":true,"maxNodeModuleJsDepth":2},"typings":[],"unresolvedImports":[],"kind":"action::set"}
[22:07:20.449] Response has been sent.
[22:07:20.449] No new typings were requested as a result of typings discovery
[22:18:25.989] Got install request {"projectName":"/dev/null/inferredProject2*","fileNames":["/usr/local/lib/node_modules/typescript/lib/lib.d.ts","/usr/local/lib/node_modules/typescript/lib/lib.es5.d.ts","/usr/local/lib/node_modules/typescript/lib/lib.dom.d.ts","/usr/local/lib/node_modules/typescript/lib/lib.webworker.importscripts.d.ts","/usr/local/lib/node_modules/typescript/lib/lib.scripthost.d.ts","/home/gunnar/Nextcloud/Skola/MDH/DVA313 - Software Engineering 2/dva313-project/dashboard/docs/custom_template/publish.js"],"compilerOptions":{"target":1,"jsx":1,"allowNonTsExtensions":true,"allowJs":true,"noEmitForJsFiles":true,"maxNodeModuleJsDepth":2},"typeAcquisition":{"enable":true,"include":[],"exclude":[]},"unresolvedImports":["jsdoc","taffydb"],"projectRootPath":"/home/gunnar/Nextcloud/Skola/MDH/DVA313 - Software Engineering 2/dva313-project/dashboard/docs/custom_template","kind":"discover"}
[22:18:25.989] Explicitly included types: []
[22:18:25.990] Inferred typings from unresolved imports: ["jsdoc","taffydb"]
[22:18:25.991] Result: {"cachedTypingPaths":[],"newTypingNames":["jsdoc","taffydb"],"filesToWatch":["/home/gunnar/Nextcloud/Skola/MDH/DVA313 - Software Engineering 2/dva313-project/dashboard/docs/custom_template/bower_components","/home/gunnar/Nextcloud/Skola/MDH/DVA313 - Software Engineering 2/dva313-project/dashboard/docs/custom_template/node_modules"]}
[22:18:25.991] Finished typings discovery: {"cachedTypingPaths":[],"newTypingNames":["jsdoc","taffydb"],"filesToWatch":["/home/gunnar/Nextcloud/Skola/MDH/DVA313 - Software Engineering 2/dva313-project/dashboard/docs/custom_template/bower_components","/home/gunnar/Nextcloud/Skola/MDH/DVA313 - Software Engineering 2/dva313-project/dashboard/docs/custom_template/node_modules"]}
[22:18:25.991] DirectoryWatcher:: Added:: WatchInfo: /home/gunnar/Nextcloud/Skola/MDH/DVA313 - Software Engineering 2/dva313-project/dashboard/docs/custom_template/bower_components
[22:18:25.991] DirectoryWatcher:: Added:: WatchInfo: /home/gunnar/Nextcloud/Skola/MDH/DVA313 - Software Engineering 2/dva313-project/dashboard/docs/custom_template/node_modules
[22:18:25.992] Installing typings ["jsdoc","taffydb"]
[22:18:25.992] 'jsdoc':: Entry for package 'jsdoc' does not exist in local types registry - skipping...
[22:18:25.993] 'taffydb':: Entry for package 'taffydb' does not exist in local types registry - skipping...
[22:18:25.993] All typings are known to be missing or invalid - no need to install more typings
[22:18:25.993] Sending response:
    {"projectName":"/dev/null/inferredProject2*","typeAcquisition":{"enable":true,"include":[],"exclude":[]},"compilerOptions":{"target":1,"jsx":1,"allowNonTsExtensions":true,"allowJs":true,"noEmitForJsFiles":true,"maxNodeModuleJsDepth":2},"typings":[],"unresolvedImports":["jsdoc","taffydb"],"kind":"action::set"}
[22:18:25.993] Response has been sent.
[23:48:29.167] Got install request {"projectName":"/dev/null/inferredProject3*","fileNames":["/usr/local/lib/node_modules/typescript/lib/lib.d.ts","/usr/local/lib/node_modules/typescript/lib/lib.es5.d.ts","/usr/local/lib/node_modules/typescript/lib/lib.dom.d.ts","/usr/local/lib/node_modules/typescript/lib/lib.webworker.importscripts.d.ts","/usr/local/lib/node_modules/typescript/lib/lib.scripthost.d.ts","/home/gunnar/Nextcloud/Skola/MDH/DVA313 - Software Engineering 2/dva313-project/dashboard/src/charts/LineChart.js","/home/gunnar/Nextcloud/Skola/MDH/DVA313 - Software Engineering 2/dva313-project/dashboard/src/App.js"],"compilerOptions":{"target":1,"jsx":1,"allowNonTsExtensions":true,"allowJs":true,"noEmitForJsFiles":true,"maxNodeModuleJsDepth":2},"typeAcquisition":{"enable":true,"include":[],"exclude":[]},"unresolvedImports":[],"projectRootPath":"/home/gunnar/Nextcloud/Skola/MDH/DVA313 - Software Engineering 2/dva313-project/dashboard/src","kind":"discover"}
[23:48:29.167] Explicitly included types: []
[23:48:29.167] Inferred typings from unresolved imports: []
[23:48:29.168] Result: {"cachedTypingPaths":[],"newTypingNames":[],"filesToWatch":["/home/gunnar/Nextcloud/Skola/MDH/DVA313 - Software Engineering 2/dva313-project/dashboard/src/charts/bower_components","/home/gunnar/Nextcloud/Skola/MDH/DVA313 - Software Engineering 2/dva313-project/dashboard/src/charts/node_modules","/home/gunnar/Nextcloud/Skola/MDH/DVA313 - Software Engineering 2/dva313-project/dashboard/src/bower_components","/home/gunnar/Nextcloud/Skola/MDH/DVA313 - Software Engineering 2/dva313-project/dashboard/src/node_modules"]}
[23:48:29.168] Finished typings discovery: {"cachedTypingPaths":[],"newTypingNames":[],"filesToWatch":["/home/gunnar/Nextcloud/Skola/MDH/DVA313 - Software Engineering 2/dva313-project/dashboard/src/charts/bower_components","/home/gunnar/Nextcloud/Skola/MDH/DVA313 - Software Engineering 2/dva313-project/dashboard/src/charts/node_modules","/home/gunnar/Nextcloud/Skola/MDH/DVA313 - Software Engineering 2/dva313-project/dashboard/src/bower_components","/home/gunnar/Nextcloud/Skola/MDH/DVA313 - Software Engineering 2/dva313-project/dashboard/src/node_modules"]}
[23:48:29.168] DirectoryWatcher:: Added:: WatchInfo: /home/gunnar/Nextcloud/Skola/MDH/DVA313 - Software Engineering 2/dva313-project/dashboard/src/charts
[23:48:29.168] DirectoryWatcher:: Added:: WatchInfo: /home/gunnar/Nextcloud/Skola/MDH/DVA313 - Software Engineering 2/dva313-project/dashboard/src/bower_components
[23:48:29.168] DirectoryWatcher:: Added:: WatchInfo: /home/gunnar/Nextcloud/Skola/MDH/DVA313 - Software Engineering 2/dva313-project/dashboard/src/node_modules
[23:48:29.168] Sending response:
    {"projectName":"/dev/null/inferredProject3*","typeAcquisition":{"enable":true,"include":[],"exclude":[]},"compilerOptions":{"target":1,"jsx":1,"allowNonTsExtensions":true,"allowJs":true,"noEmitForJsFiles":true,"maxNodeModuleJsDepth":2},"typings":[],"unresolvedImports":[],"kind":"action::set"}
[23:48:29.168] Response has been sent.
[23:48:29.168] No new typings were requested as a result of typings discovery
[23:49:00.021] Got install request {"projectName":"/dev/null/inferredProject4*","fileNames":["/usr/local/lib/node_modules/typescript/lib/lib.d.ts","/usr/local/lib/node_modules/typescript/lib/lib.es5.d.ts","/usr/local/lib/node_modules/typescript/lib/lib.dom.d.ts","/usr/local/lib/node_modules/typescript/lib/lib.webworker.importscripts.d.ts","/usr/local/lib/node_modules/typescript/lib/lib.scripthost.d.ts","/home/gunnar/Nextcloud/Skola/MDH/DVA313 - Software Engineering 2/dva313-project/dashboard/src/chart.js"],"compilerOptions":{"target":1,"jsx":1,"allowNonTsExtensions":true,"allowJs":true,"noEmitForJsFiles":true,"maxNodeModuleJsDepth":2},"typeAcquisition":{"enable":true,"include":[],"exclude":[]},"unresolvedImports":[],"projectRootPath":"/home/gunnar/Nextcloud/Skola/MDH/DVA313 - Software Engineering 2/dva313-project/dashboard/src","kind":"discover"}
[23:49:00.021] Explicitly included types: []
[23:49:00.021] Inferred typings from unresolved imports: []
[23:49:00.021] Result: {"cachedTypingPaths":[],"newTypingNames":[],"filesToWatch":["/home/gunnar/Nextcloud/Skola/MDH/DVA313 - Software Engineering 2/dva313-project/dashboard/src/bower_components","/home/gunnar/Nextcloud/Skola/MDH/DVA313 - Software Engineering 2/dva313-project/dashboard/src/node_modules"]}
[23:49:00.021] Finished typings discovery: {"cachedTypingPaths":[],"newTypingNames":[],"filesToWatch":["/home/gunnar/Nextcloud/Skola/MDH/DVA313 - Software Engineering 2/dva313-project/dashboard/src/bower_components","/home/gunnar/Nextcloud/Skola/MDH/DVA313 - Software Engineering 2/dva313-project/dashboard/src/node_modules"]}
[23:49:00.022] DirectoryWatcher:: Added:: WatchInfo: /home/gunnar/Nextcloud/Skola/MDH/DVA313 - Software Engineering 2/dva313-project/dashboard/src/bower_components
[23:49:00.022] DirectoryWatcher:: Added:: WatchInfo: /home/gunnar/Nextcloud/Skola/MDH/DVA313 - Software Engineering 2/dva313-project/dashboard/src/node_modules
[23:49:00.022] Sending response:
    {"projectName":"/dev/null/inferredProject4*","typeAcquisition":{"enable":true,"include":[],"exclude":[]},"compilerOptions":{"target":1,"jsx":1,"allowNonTsExtensions":true,"allowJs":true,"noEmitForJsFiles":true,"maxNodeModuleJsDepth":2},"typings":[],"unresolvedImports":[],"kind":"action::set"}
[23:49:00.022] Response has been sent.
[23:49:00.022] No new typings were requested as a result of typings discovery
[23:50:07.076] Got install request {"projectName":"/dev/null/inferredProject4*","fileNames":["/usr/local/lib/node_modules/typescript/lib/lib.d.ts","/usr/local/lib/node_modules/typescript/lib/lib.es5.d.ts","/usr/local/lib/node_modules/typescript/lib/lib.dom.d.ts","/usr/local/lib/node_modules/typescript/lib/lib.webworker.importscripts.d.ts","/usr/local/lib/node_modules/typescript/lib/lib.scripthost.d.ts","/home/gunnar/Nextcloud/Skola/MDH/DVA313 - Software Engineering 2/dva313-project/dashboard/src/chart.js"],"compilerOptions":{"target":1,"jsx":1,"allowNonTsExtensions":true,"allowJs":true,"noEmitForJsFiles":true,"maxNodeModuleJsDepth":2},"typeAcquisition":{"enable":true,"include":[],"exclude":[]},"unresolvedImports":["re"],"projectRootPath":"/home/gunnar/Nextcloud/Skola/MDH/DVA313 - Software Engineering 2/dva313-project/dashboard/src","kind":"discover"}
[23:50:07.077] Explicitly included types: []
[23:50:07.077] Inferred typings from unresolved imports: ["re"]
[23:50:07.077] Result: {"cachedTypingPaths":[],"newTypingNames":["re"],"filesToWatch":["/home/gunnar/Nextcloud/Skola/MDH/DVA313 - Software Engineering 2/dva313-project/dashboard/src/bower_components","/home/gunnar/Nextcloud/Skola/MDH/DVA313 - Software Engineering 2/dva313-project/dashboard/src/node_modules"]}
[23:50:07.077] Finished typings discovery: {"cachedTypingPaths":[],"newTypingNames":["re"],"filesToWatch":["/home/gunnar/Nextcloud/Skola/MDH/DVA313 - Software Engineering 2/dva313-project/dashboard/src/bower_components","/home/gunnar/Nextcloud/Skola/MDH/DVA313 - Software Engineering 2/dva313-project/dashboard/src/node_modules"]}
[23:50:07.077] Installing typings ["re"]
[23:50:07.077] 're':: Entry for package 're' does not exist in local types registry - skipping...
[23:50:07.078] All typings are known to be missing or invalid - no need to install more typings
[23:50:07.078] Sending response:
    {"projectName":"/dev/null/inferredProject4*","typeAcquisition":{"enable":true,"include":[],"exclude":[]},"compilerOptions":{"target":1,"jsx":1,"allowNonTsExtensions":true,"allowJs":true,"noEmitForJsFiles":true,"maxNodeModuleJsDepth":2},"typings":[],"unresolvedImports":["re"],"kind":"action::set"}
[23:50:07.078] Response has been sent.
[23:50:07.334] Got install request {"projectName":"/dev/null/inferredProject4*","fileNames":["/usr/local/lib/node_modules/typescript/lib/lib.d.ts","/usr/local/lib/node_modules/typescript/lib/lib.es5.d.ts","/usr/local/lib/node_modules/typescript/lib/lib.dom.d.ts","/usr/local/lib/node_modules/typescript/lib/lib.webworker.importscripts.d.ts","/usr/local/lib/node_modules/typescript/lib/lib.scripthost.d.ts","/home/gunnar/Nextcloud/Skola/MDH/DVA313 - Software Engineering 2/dva313-project/dashboard/src/chart.js"],"compilerOptions":{"target":1,"jsx":1,"allowNonTsExtensions":true,"allowJs":true,"noEmitForJsFiles":true,"maxNodeModuleJsDepth":2},"typeAcquisition":{"enable":true,"include":[],"exclude":[]},"unresolvedImports":[],"projectRootPath":"/home/gunnar/Nextcloud/Skola/MDH/DVA313 - Software Engineering 2/dva313-project/dashboard/src","kind":"discover"}
[23:50:07.335] Explicitly included types: []
[23:50:07.335] Inferred typings from unresolved imports: []
[23:50:07.335] Result: {"cachedTypingPaths":[],"newTypingNames":[],"filesToWatch":["/home/gunnar/Nextcloud/Skola/MDH/DVA313 - Software Engineering 2/dva313-project/dashboard/src/bower_components","/home/gunnar/Nextcloud/Skola/MDH/DVA313 - Software Engineering 2/dva313-project/dashboard/src/node_modules"]}
[23:50:07.335] Finished typings discovery: {"cachedTypingPaths":[],"newTypingNames":[],"filesToWatch":["/home/gunnar/Nextcloud/Skola/MDH/DVA313 - Software Engineering 2/dva313-project/dashboard/src/bower_components","/home/gunnar/Nextcloud/Skola/MDH/DVA313 - Software Engineering 2/dva313-project/dashboard/src/node_modules"]}
[23:50:07.335] Sending response:
    {"projectName":"/dev/null/inferredProject4*","typeAcquisition":{"enable":true,"include":[],"exclude":[]},"compilerOptions":{"target":1,"jsx":1,"allowNonTsExtensions":true,"allowJs":true,"noEmitForJsFiles":true,"maxNodeModuleJsDepth":2},"typings":[],"unresolvedImports":[],"kind":"action::set"}
[23:50:07.335] Response has been sent.
[23:50:07.336] No new typings were requested as a result of typings discovery
[23:51:52.506] Got install request {"projectName":"/dev/null/inferredProject4*","fileNames":["/usr/local/lib/node_modules/typescript/lib/lib.d.ts","/usr/local/lib/node_modules/typescript/lib/lib.es5.d.ts","/usr/local/lib/node_modules/typescript/lib/lib.dom.d.ts","/usr/local/lib/node_modules/typescript/lib/lib.webworker.importscripts.d.ts","/usr/local/lib/node_modules/typescript/lib/lib.scripthost.d.ts","/home/gunnar/Nextcloud/Skola/MDH/DVA313 - Software Engineering 2/dva313-project/dashboard/src/chart.js"],"compilerOptions":{"target":1,"jsx":1,"allowNonTsExtensions":true,"allowJs":true,"noEmitForJsFiles":true,"maxNodeModuleJsDepth":2},"typeAcquisition":{"enable":true,"include":[],"exclude":[]},"unresolvedImports":["reac"],"projectRootPath":"/home/gunnar/Nextcloud/Skola/MDH/DVA313 - Software Engineering 2/dva313-project/dashboard/src","kind":"discover"}
[23:51:52.507] Explicitly included types: []
[23:51:52.507] Inferred typings from unresolved imports: ["reac"]
[23:51:52.507] Result: {"cachedTypingPaths":[],"newTypingNames":["reac"],"filesToWatch":["/home/gunnar/Nextcloud/Skola/MDH/DVA313 - Software Engineering 2/dva313-project/dashboard/src/bower_components","/home/gunnar/Nextcloud/Skola/MDH/DVA313 - Software Engineering 2/dva313-project/dashboard/src/node_modules"]}
[23:51:52.508] Finished typings discovery: {"cachedTypingPaths":[],"newTypingNames":["reac"],"filesToWatch":["/home/gunnar/Nextcloud/Skola/MDH/DVA313 - Software Engineering 2/dva313-project/dashboard/src/bower_components","/home/gunnar/Nextcloud/Skola/MDH/DVA313 - Software Engineering 2/dva313-project/dashboard/src/node_modules"]}
[23:51:52.508] Installing typings ["reac"]
[23:51:52.508] 'reac':: Entry for package 'reac' does not exist in local types registry - skipping...
[23:51:52.508] All typings are known to be missing or invalid - no need to install more typings
[23:51:52.508] Sending response:
    {"projectName":"/dev/null/inferredProject4*","typeAcquisition":{"enable":true,"include":[],"exclude":[]},"compilerOptions":{"target":1,"jsx":1,"allowNonTsExtensions":true,"allowJs":true,"noEmitForJsFiles":true,"maxNodeModuleJsDepth":2},"typings":[],"unresolvedImports":["reac"],"kind":"action::set"}
[23:51:52.508] Response has been sent.
[23:51:53.925] Got install request {"projectName":"/dev/null/inferredProject4*","fileNames":["/usr/local/lib/node_modules/typescript/lib/lib.d.ts","/usr/local/lib/node_modules/typescript/lib/lib.es5.d.ts","/usr/local/lib/node_modules/typescript/lib/lib.dom.d.ts","/usr/local/lib/node_modules/typescript/lib/lib.webworker.importscripts.d.ts","/usr/local/lib/node_modules/typescript/lib/lib.scripthost.d.ts","/home/gunnar/Nextcloud/Skola/MDH/DVA313 - Software Engineering 2/dva313-project/dashboard/src/chart.js"],"compilerOptions":{"target":1,"jsx":1,"allowNonTsExtensions":true,"allowJs":true,"noEmitForJsFiles":true,"maxNodeModuleJsDepth":2},"typeAcquisition":{"enable":true,"include":[],"exclude":[]},"unresolvedImports":["chart.js"],"projectRootPath":"/home/gunnar/Nextcloud/Skola/MDH/DVA313 - Software Engineering 2/dva313-project/dashboard/src","kind":"discover"}
[23:51:53.925] Explicitly included types: []
[23:51:53.925] Inferred typings from unresolved imports: ["chart.js"]
[23:51:53.925] Result: {"cachedTypingPaths":[],"newTypingNames":["chart.js"],"filesToWatch":["/home/gunnar/Nextcloud/Skola/MDH/DVA313 - Software Engineering 2/dva313-project/dashboard/src/bower_components","/home/gunnar/Nextcloud/Skola/MDH/DVA313 - Software Engineering 2/dva313-project/dashboard/src/node_modules"]}
[23:51:53.926] Finished typings discovery: {"cachedTypingPaths":[],"newTypingNames":["chart.js"],"filesToWatch":["/home/gunnar/Nextcloud/Skola/MDH/DVA313 - Software Engineering 2/dva313-project/dashboard/src/bower_components","/home/gunnar/Nextcloud/Skola/MDH/DVA313 - Software Engineering 2/dva313-project/dashboard/src/node_modules"]}
[23:51:53.926] Installing typings ["chart.js"]
[23:51:53.926] Npm config file: /home/gunnar/.cache/typescript/4.1/package.json
[23:51:53.926] Sending response:
    {"kind":"event::beginInstallTypes","eventId":1,"typingsInstallerVersion":"4.1.2","projectName":"/dev/null/inferredProject4*"}
[23:51:53.926] Response has been sent.
[23:51:53.927] #1 with arguments'["@types/chart.js@ts4.1"]'.
[23:51:53.927] Exec: /usr/bin/npm install --ignore-scripts @types/chart.js@ts4.1 --save-dev --user-agent="typesInstaller/4.1.2"
[23:51:55.543]     Succeeded. stdout:
    + @types/chart.js@2.9.28
    added 2 packages from 34 contributors and audited 57 packages in 1.242s

2 packages are looking for funding
  run `npm fund` for details

found 0 vulnerabilities


[23:51:55.543] npm install #1 took: 1616 ms
[23:51:55.543] Installed typings ["@types/chart.js@ts4.1"]
[23:51:55.547] Installed typing files ["/home/gunnar/.cache/typescript/4.1/node_modules/@types/chart.js/index.d.ts"]
[23:51:55.547] Sending response:
    {"projectName":"/dev/null/inferredProject4*","typeAcquisition":{"enable":true,"include":[],"exclude":[]},"compilerOptions":{"target":1,"jsx":1,"allowNonTsExtensions":true,"allowJs":true,"noEmitForJsFiles":true,"maxNodeModuleJsDepth":2},"typings":["/home/gunnar/.cache/typescript/4.1/node_modules/@types/chart.js/index.d.ts"],"unresolvedImports":["chart.js"],"kind":"action::set"}
[23:51:55.547] Response has been sent.
[23:51:55.547] Sending response:
    {"kind":"event::endInstallTypes","eventId":1,"projectName":"/dev/null/inferredProject4*","packagesToInstall":["@types/chart.js@ts4.1"],"installSuccess":true,"typingsInstallerVersion":"4.1.2"}
[23:51:55.548] Response has been sent.
[23:51:55.761] Got install request {"projectName":"/dev/null/inferredProject4*","fileNames":["/usr/local/lib/node_modules/typescript/lib/lib.d.ts","/usr/local/lib/node_modules/typescript/lib/lib.es5.d.ts","/usr/local/lib/node_modules/typescript/lib/lib.dom.d.ts","/usr/local/lib/node_modules/typescript/lib/lib.webworker.importscripts.d.ts","/usr/local/lib/node_modules/typescript/lib/lib.scripthost.d.ts","/home/gunnar/.cache/typescript/4.1/node_modules/@types/chart.js/index.d.ts","/home/gunnar/Nextcloud/Skola/MDH/DVA313 - Software Engineering 2/dva313-project/dashboard/src/chart.js"],"compilerOptions":{"target":1,"jsx":1,"allowNonTsExtensions":true,"allowJs":true,"noEmitForJsFiles":true,"maxNodeModuleJsDepth":2},"typeAcquisition":{"enable":true,"include":[],"exclude":[]},"unresolvedImports":[],"projectRootPath":"/home/gunnar/Nextcloud/Skola/MDH/DVA313 - Software Engineering 2/dva313-project/dashboard/src","kind":"discover"}
[23:51:55.761] Explicitly included types: []
[23:51:55.762] Inferred typings from unresolved imports: []
[23:51:55.762] Result: {"cachedTypingPaths":[],"newTypingNames":[],"filesToWatch":["/home/gunnar/Nextcloud/Skola/MDH/DVA313 - Software Engineering 2/dva313-project/dashboard/src/bower_components","/home/gunnar/Nextcloud/Skola/MDH/DVA313 - Software Engineering 2/dva313-project/dashboard/src/node_modules"]}
[23:51:55.762] Finished typings discovery: {"cachedTypingPaths":[],"newTypingNames":[],"filesToWatch":["/home/gunnar/Nextcloud/Skola/MDH/DVA313 - Software Engineering 2/dva313-project/dashboard/src/bower_components","/home/gunnar/Nextcloud/Skola/MDH/DVA313 - Software Engineering 2/dva313-project/dashboard/src/node_modules"]}
[23:51:55.762] Sending response:
    {"projectName":"/dev/null/inferredProject4*","typeAcquisition":{"enable":true,"include":[],"exclude":[]},"compilerOptions":{"target":1,"jsx":1,"allowNonTsExtensions":true,"allowJs":true,"noEmitForJsFiles":true,"maxNodeModuleJsDepth":2},"typings":[],"unresolvedImports":[],"kind":"action::set"}
[23:51:55.762] Response has been sent.
[23:51:55.762] No new typings were requested as a result of typings discovery
[23:51:56.238] Got install request {"projectName":"/dev/null/inferredProject4*","fileNames":["/usr/local/lib/node_modules/typescript/lib/lib.d.ts","/usr/local/lib/node_modules/typescript/lib/lib.es5.d.ts","/usr/local/lib/node_modules/typescript/lib/lib.dom.d.ts","/usr/local/lib/node_modules/typescript/lib/lib.webworker.importscripts.d.ts","/usr/local/lib/node_modules/typescript/lib/lib.scripthost.d.ts","/home/gunnar/Nextcloud/Skola/MDH/DVA313 - Software Engineering 2/dva313-project/dashboard/src/chart.js"],"compilerOptions":{"target":1,"jsx":1,"allowNonTsExtensions":true,"allowJs":true,"noEmitForJsFiles":true,"maxNodeModuleJsDepth":2},"typeAcquisition":{"enable":true,"include":[],"exclude":[]},"unresolvedImports":[],"projectRootPath":"/home/gunnar/Nextcloud/Skola/MDH/DVA313 - Software Engineering 2/dva313-project/dashboard/src","kind":"discover"}
[23:51:56.238] Explicitly included types: []
[23:51:56.238] Inferred typings from unresolved imports: []
[23:51:56.238] Result: {"cachedTypingPaths":[],"newTypingNames":[],"filesToWatch":["/home/gunnar/Nextcloud/Skola/MDH/DVA313 - Software Engineering 2/dva313-project/dashboard/src/bower_components","/home/gunnar/Nextcloud/Skola/MDH/DVA313 - Software Engineering 2/dva313-project/dashboard/src/node_modules"]}
[23:51:56.239] Finished typings discovery: {"cachedTypingPaths":[],"newTypingNames":[],"filesToWatch":["/home/gunnar/Nextcloud/Skola/MDH/DVA313 - Software Engineering 2/dva313-project/dashboard/src/bower_components","/home/gunnar/Nextcloud/Skola/MDH/DVA313 - Software Engineering 2/dva313-project/dashboard/src/node_modules"]}
[23:51:56.239] Sending response:
    {"projectName":"/dev/null/inferredProject4*","typeAcquisition":{"enable":true,"include":[],"exclude":[]},"compilerOptions":{"target":1,"jsx":1,"allowNonTsExtensions":true,"allowJs":true,"noEmitForJsFiles":true,"maxNodeModuleJsDepth":2},"typings":[],"unresolvedImports":[],"kind":"action::set"}
[23:51:56.239] Response has been sent.
[23:51:56.239] No new typings were requested as a result of typings discovery
[23:54:28.117] Got install request {"projectName":"/dev/null/inferredProject5*","fileNames":["/usr/local/lib/node_modules/typescript/lib/lib.d.ts","/usr/local/lib/node_modules/typescript/lib/lib.es5.d.ts","/usr/local/lib/node_modules/typescript/lib/lib.dom.d.ts","/usr/local/lib/node_modules/typescript/lib/lib.webworker.importscripts.d.ts","/usr/local/lib/node_modules/typescript/lib/lib.scripthost.d.ts","/home/gunnar/Nextcloud/Skola/MDH/DVA313 - Software Engineering 2/dva313-project/dashboard/src/charts/BarChart.js"],"compilerOptions":{"target":1,"jsx":1,"allowNonTsExtensions":true,"allowJs":true,"noEmitForJsFiles":true,"maxNodeModuleJsDepth":2},"typeAcquisition":{"enable":true,"include":[],"exclude":[]},"unresolvedImports":[],"projectRootPath":"/home/gunnar/Nextcloud/Skola/MDH/DVA313 - Software Engineering 2/dva313-project/dashboard/src/charts","kind":"discover"}
[23:54:28.118] Explicitly included types: []
[23:54:28.118] Inferred typings from unresolved imports: []
[23:54:28.118] Result: {"cachedTypingPaths":[],"newTypingNames":[],"filesToWatch":["/home/gunnar/Nextcloud/Skola/MDH/DVA313 - Software Engineering 2/dva313-project/dashboard/src/charts/bower_components","/home/gunnar/Nextcloud/Skola/MDH/DVA313 - Software Engineering 2/dva313-project/dashboard/src/charts/node_modules"]}
[23:54:28.118] Finished typings discovery: {"cachedTypingPaths":[],"newTypingNames":[],"filesToWatch":["/home/gunnar/Nextcloud/Skola/MDH/DVA313 - Software Engineering 2/dva313-project/dashboard/src/charts/bower_components","/home/gunnar/Nextcloud/Skola/MDH/DVA313 - Software Engineering 2/dva313-project/dashboard/src/charts/node_modules"]}
[23:54:28.119] DirectoryWatcher:: Added:: WatchInfo: /home/gunnar/Nextcloud/Skola/MDH/DVA313 - Software Engineering 2/dva313-project/dashboard/src/charts/bower_components
[23:54:28.119] DirectoryWatcher:: Added:: WatchInfo: /home/gunnar/Nextcloud/Skola/MDH/DVA313 - Software Engineering 2/dva313-project/dashboard/src/charts/node_modules
[23:54:28.119] Sending response:
    {"projectName":"/dev/null/inferredProject5*","typeAcquisition":{"enable":true,"include":[],"exclude":[]},"compilerOptions":{"target":1,"jsx":1,"allowNonTsExtensions":true,"allowJs":true,"noEmitForJsFiles":true,"maxNodeModuleJsDepth":2},"typings":[],"unresolvedImports":[],"kind":"action::set"}
[23:54:28.120] Response has been sent.
[23:54:28.120] No new typings were requested as a result of typings discovery
[00:10:27.495] Got install request {"projectName":"/dev/null/inferredProject3*","fileNames":["/usr/local/lib/node_modules/typescript/lib/lib.d.ts","/usr/local/lib/node_modules/typescript/lib/lib.es5.d.ts","/usr/local/lib/node_modules/typescript/lib/lib.dom.d.ts","/usr/local/lib/node_modules/typescript/lib/lib.webworker.importscripts.d.ts","/usr/local/lib/node_modules/typescript/lib/lib.scripthost.d.ts","/home/gunnar/Nextcloud/Skola/MDH/DVA313 - Software Engineering 2/dva313-project/dashboard/src/charts/LineChart.js","/home/gunnar/Nextcloud/Skola/MDH/DVA313 - Software Engineering 2/dva313-project/dashboard/src/reportWebVitals.js","/home/gunnar/Nextcloud/Skola/MDH/DVA313 - Software Engineering 2/dva313-project/dashboard/src/index.js","/home/gunnar/Nextcloud/Skola/MDH/DVA313 - Software Engineering 2/dva313-project/dashboard/src/App.js"],"compilerOptions":{"target":1,"jsx":1,"allowNonTsExtensions":true,"allowJs":true,"noEmitForJsFiles":true,"maxNodeModuleJsDepth":2},"typeAcquisition":{"enable":true,"include":[],"exclude":[]},"unresolvedImports":[],"projectRootPath":"/home/gunnar/Nextcloud/Skola/MDH/DVA313 - Software Engineering 2/dva313-project/dashboard/src","kind":"discover"}
[00:10:27.495] Explicitly included types: []
[00:10:27.496] Inferred typings from unresolved imports: []
[00:10:27.496] Result: {"cachedTypingPaths":[],"newTypingNames":[],"filesToWatch":["/home/gunnar/Nextcloud/Skola/MDH/DVA313 - Software Engineering 2/dva313-project/dashboard/src/charts/bower_components","/home/gunnar/Nextcloud/Skola/MDH/DVA313 - Software Engineering 2/dva313-project/dashboard/src/charts/node_modules","/home/gunnar/Nextcloud/Skola/MDH/DVA313 - Software Engineering 2/dva313-project/dashboard/src/bower_components","/home/gunnar/Nextcloud/Skola/MDH/DVA313 - Software Engineering 2/dva313-project/dashboard/src/node_modules"]}
[00:10:27.496] Finished typings discovery: {"cachedTypingPaths":[],"newTypingNames":[],"filesToWatch":["/home/gunnar/Nextcloud/Skola/MDH/DVA313 - Software Engineering 2/dva313-project/dashboard/src/charts/bower_components","/home/gunnar/Nextcloud/Skola/MDH/DVA313 - Software Engineering 2/dva313-project/dashboard/src/charts/node_modules","/home/gunnar/Nextcloud/Skola/MDH/DVA313 - Software Engineering 2/dva313-project/dashboard/src/bower_components","/home/gunnar/Nextcloud/Skola/MDH/DVA313 - Software Engineering 2/dva313-project/dashboard/src/node_modules"]}
[00:10:27.496] Sending response:
    {"projectName":"/dev/null/inferredProject3*","typeAcquisition":{"enable":true,"include":[],"exclude":[]},"compilerOptions":{"target":1,"jsx":1,"allowNonTsExtensions":true,"allowJs":true,"noEmitForJsFiles":true,"maxNodeModuleJsDepth":2},"typings":[],"unresolvedImports":[],"kind":"action::set"}
[00:10:27.496] Response has been sent.
[00:10:27.496] No new typings were requested as a result of typings discovery
[00:10:30.104] Got install request {"projectName":"/dev/null/inferredProject5*","fileNames":[],"compilerOptions":{"target":1,"jsx":1,"allowNonTsExtensions":true,"allowJs":true,"noEmitForJsFiles":true},"typeAcquisition":{"enable":true,"include":[],"exclude":[]},"unresolvedImports":[],"projectRootPath":"/home/gunnar/Nextcloud/Skola/MDH/DVA313 - Software Engineering 2/dva313-project/dashboard/src/charts","kind":"discover"}
[00:10:30.105] Explicitly included types: []
[00:10:30.105] Inferred typings from unresolved imports: []
[00:10:30.105] Result: {"cachedTypingPaths":[],"newTypingNames":[],"filesToWatch":["/home/gunnar/Nextcloud/Skola/MDH/DVA313 - Software Engineering 2/dva313-project/dashboard/src/charts/bower_components","/home/gunnar/Nextcloud/Skola/MDH/DVA313 - Software Engineering 2/dva313-project/dashboard/src/charts/node_modules"]}
[00:10:30.105] Finished typings discovery: {"cachedTypingPaths":[],"newTypingNames":[],"filesToWatch":["/home/gunnar/Nextcloud/Skola/MDH/DVA313 - Software Engineering 2/dva313-project/dashboard/src/charts/bower_components","/home/gunnar/Nextcloud/Skola/MDH/DVA313 - Software Engineering 2/dva313-project/dashboard/src/charts/node_modules"]}
[00:10:30.105] Sending response:
    {"projectName":"/dev/null/inferredProject5*","typeAcquisition":{"enable":true,"include":[],"exclude":[]},"compilerOptions":{"target":1,"jsx":1,"allowNonTsExtensions":true,"allowJs":true,"noEmitForJsFiles":true},"typings":[],"unresolvedImports":[],"kind":"action::set"}
[00:10:30.106] Response has been sent.
[00:10:30.106] No new typings were requested as a result of typings discovery
[00:10:30.755] Got install request {"projectName":"/dev/null/inferredProject3*","fileNames":["/usr/local/lib/node_modules/typescript/lib/lib.d.ts","/usr/local/lib/node_modules/typescript/lib/lib.es5.d.ts","/usr/local/lib/node_modules/typescript/lib/lib.dom.d.ts","/usr/local/lib/node_modules/typescript/lib/lib.webworker.importscripts.d.ts","/usr/local/lib/node_modules/typescript/lib/lib.scripthost.d.ts","/home/gunnar/Nextcloud/Skola/MDH/DVA313 - Software Engineering 2/dva313-project/dashboard/src/charts/LineChart.js","/home/gunnar/Nextcloud/Skola/MDH/DVA313 - Software Engineering 2/dva313-project/dashboard/src/chart.js","/home/gunnar/Nextcloud/Skola/MDH/DVA313 - Software Engineering 2/dva313-project/dashboard/src/App.js"],"compilerOptions":{"target":1,"jsx":1,"allowNonTsExtensions":true,"allowJs":true,"noEmitForJsFiles":true,"maxNodeModuleJsDepth":2},"typeAcquisition":{"enable":true,"include":[],"exclude":[]},"unresolvedImports":[],"projectRootPath":"/home/gunnar/Nextcloud/Skola/MDH/DVA313 - Software Engineering 2/dva313-project/dashboard/src","kind":"discover"}
[00:10:30.755] Explicitly included types: []
[00:10:30.756] Inferred typings from unresolved imports: []
[00:10:30.756] Result: {"cachedTypingPaths":[],"newTypingNames":[],"filesToWatch":["/home/gunnar/Nextcloud/Skola/MDH/DVA313 - Software Engineering 2/dva313-project/dashboard/src/charts/bower_components","/home/gunnar/Nextcloud/Skola/MDH/DVA313 - Software Engineering 2/dva313-project/dashboard/src/charts/node_modules","/home/gunnar/Nextcloud/Skola/MDH/DVA313 - Software Engineering 2/dva313-project/dashboard/src/bower_components","/home/gunnar/Nextcloud/Skola/MDH/DVA313 - Software Engineering 2/dva313-project/dashboard/src/node_modules"]}
[00:10:30.756] Finished typings discovery: {"cachedTypingPaths":[],"newTypingNames":[],"filesToWatch":["/home/gunnar/Nextcloud/Skola/MDH/DVA313 - Software Engineering 2/dva313-project/dashboard/src/charts/bower_components","/home/gunnar/Nextcloud/Skola/MDH/DVA313 - Software Engineering 2/dva313-project/dashboard/src/charts/node_modules","/home/gunnar/Nextcloud/Skola/MDH/DVA313 - Software Engineering 2/dva313-project/dashboard/src/bower_components","/home/gunnar/Nextcloud/Skola/MDH/DVA313 - Software Engineering 2/dva313-project/dashboard/src/node_modules"]}
[00:10:30.756] Sending response:
    {"projectName":"/dev/null/inferredProject3*","typeAcquisition":{"enable":true,"include":[],"exclude":[]},"compilerOptions":{"target":1,"jsx":1,"allowNonTsExtensions":true,"allowJs":true,"noEmitForJsFiles":true,"maxNodeModuleJsDepth":2},"typings":[],"unresolvedImports":[],"kind":"action::set"}
[00:10:30.756] Response has been sent.
[00:10:30.756] No new typings were requested as a result of typings discovery
[00:10:33.362] Got install request {"projectName":"/dev/null/inferredProject4*","fileNames":[],"compilerOptions":{"target":1,"jsx":1,"allowNonTsExtensions":true,"allowJs":true,"noEmitForJsFiles":true},"typeAcquisition":{"enable":true,"include":[],"exclude":[]},"unresolvedImports":[],"projectRootPath":"/home/gunnar/Nextcloud/Skola/MDH/DVA313 - Software Engineering 2/dva313-project/dashboard/src","kind":"discover"}
[00:10:33.363] Explicitly included types: []
[00:10:33.363] Inferred typings from unresolved imports: []
[00:10:33.363] Result: {"cachedTypingPaths":[],"newTypingNames":[],"filesToWatch":["/home/gunnar/Nextcloud/Skola/MDH/DVA313 - Software Engineering 2/dva313-project/dashboard/src/bower_components","/home/gunnar/Nextcloud/Skola/MDH/DVA313 - Software Engineering 2/dva313-project/dashboard/src/node_modules"]}
[00:10:33.363] Finished typings discovery: {"cachedTypingPaths":[],"newTypingNames":[],"filesToWatch":["/home/gunnar/Nextcloud/Skola/MDH/DVA313 - Software Engineering 2/dva313-project/dashboard/src/bower_components","/home/gunnar/Nextcloud/Skola/MDH/DVA313 - Software Engineering 2/dva313-project/dashboard/src/node_modules"]}
[00:10:33.363] Sending response:
    {"projectName":"/dev/null/inferredProject4*","typeAcquisition":{"enable":true,"include":[],"exclude":[]},"compilerOptions":{"target":1,"jsx":1,"allowNonTsExtensions":true,"allowJs":true,"noEmitForJsFiles":true},"typings":[],"unresolvedImports":[],"kind":"action::set"}
[00:10:33.363] Response has been sent.
[00:10:33.363] No new typings were requested as a result of typings discovery
[01:11:20.062] Got install request {"projectName":"/dev/null/inferredProject3*","fileNames":["/usr/local/lib/node_modules/typescript/lib/lib.d.ts","/usr/local/lib/node_modules/typescript/lib/lib.es5.d.ts","/usr/local/lib/node_modules/typescript/lib/lib.dom.d.ts","/usr/local/lib/node_modules/typescript/lib/lib.webworker.importscripts.d.ts","/usr/local/lib/node_modules/typescript/lib/lib.scripthost.d.ts","/home/gunnar/Nextcloud/Skola/MDH/DVA313 - Software Engineering 2/dva313-project/dashboard/src/charts/LineChart.js","/home/gunnar/Nextcloud/Skola/MDH/DVA313 - Software Engineering 2/dva313-project/dashboard/src/App.js"],"compilerOptions":{"target":1,"jsx":1,"allowNonTsExtensions":true,"allowJs":true,"noEmitForJsFiles":true,"maxNodeModuleJsDepth":2},"typeAcquisition":{"enable":true,"include":[],"exclude":[]},"unresolvedImports":[],"projectRootPath":"/home/gunnar/Nextcloud/Skola/MDH/DVA313 - Software Engineering 2/dva313-project/dashboard/src","kind":"discover"}
[01:11:20.062] Explicitly included types: []
[01:11:20.063] Inferred typings from unresolved imports: []
[01:11:20.063] Result: {"cachedTypingPaths":[],"newTypingNames":[],"filesToWatch":["/home/gunnar/Nextcloud/Skola/MDH/DVA313 - Software Engineering 2/dva313-project/dashboard/src/charts/bower_components","/home/gunnar/Nextcloud/Skola/MDH/DVA313 - Software Engineering 2/dva313-project/dashboard/src/charts/node_modules","/home/gunnar/Nextcloud/Skola/MDH/DVA313 - Software Engineering 2/dva313-project/dashboard/src/bower_components","/home/gunnar/Nextcloud/Skola/MDH/DVA313 - Software Engineering 2/dva313-project/dashboard/src/node_modules"]}
[01:11:20.063] Finished typings discovery: {"cachedTypingPaths":[],"newTypingNames":[],"filesToWatch":["/home/gunnar/Nextcloud/Skola/MDH/DVA313 - Software Engineering 2/dva313-project/dashboard/src/charts/bower_components","/home/gunnar/Nextcloud/Skola/MDH/DVA313 - Software Engineering 2/dva313-project/dashboard/src/charts/node_modules","/home/gunnar/Nextcloud/Skola/MDH/DVA313 - Software Engineering 2/dva313-project/dashboard/src/bower_components","/home/gunnar/Nextcloud/Skola/MDH/DVA313 - Software Engineering 2/dva313-project/dashboard/src/node_modules"]}
[01:11:20.064] Sending response:
    {"projectName":"/dev/null/inferredProject3*","typeAcquisition":{"enable":true,"include":[],"exclude":[]},"compilerOptions":{"target":1,"jsx":1,"allowNonTsExtensions":true,"allowJs":true,"noEmitForJsFiles":true,"maxNodeModuleJsDepth":2},"typings":[],"unresolvedImports":[],"kind":"action::set"}
[01:11:20.064] Response has been sent.
[01:11:20.064] No new typings were requested as a result of typings discovery
[01:11:20.476] Got install request {"projectName":"/dev/null/inferredProject3*","fileNames":["/usr/local/lib/node_modules/typescript/lib/lib.d.ts","/usr/local/lib/node_modules/typescript/lib/lib.es5.d.ts","/usr/local/lib/node_modules/typescript/lib/lib.dom.d.ts","/usr/local/lib/node_modules/typescript/lib/lib.webworker.importscripts.d.ts","/usr/local/lib/node_modules/typescript/lib/lib.scripthost.d.ts","/home/gunnar/Nextcloud/Skola/MDH/DVA313 - Software Engineering 2/dva313-project/dashboard/src/charts/LineChart.js","/home/gunnar/Nextcloud/Skola/MDH/DVA313 - Software Engineering 2/dva313-project/dashboard/src/chart.js","/home/gunnar/Nextcloud/Skola/MDH/DVA313 - Software Engineering 2/dva313-project/dashboard/src/App.js"],"compilerOptions":{"target":1,"jsx":1,"allowNonTsExtensions":true,"allowJs":true,"noEmitForJsFiles":true,"maxNodeModuleJsDepth":2},"typeAcquisition":{"enable":true,"include":[],"exclude":[]},"unresolvedImports":[],"projectRootPath":"/home/gunnar/Nextcloud/Skola/MDH/DVA313 - Software Engineering 2/dva313-project/dashboard/src","kind":"discover"}
[01:11:20.476] Explicitly included types: []
[01:11:20.477] Inferred typings from unresolved imports: []
[01:11:20.477] Result: {"cachedTypingPaths":[],"newTypingNames":[],"filesToWatch":["/home/gunnar/Nextcloud/Skola/MDH/DVA313 - Software Engineering 2/dva313-project/dashboard/src/charts/bower_components","/home/gunnar/Nextcloud/Skola/MDH/DVA313 - Software Engineering 2/dva313-project/dashboard/src/charts/node_modules","/home/gunnar/Nextcloud/Skola/MDH/DVA313 - Software Engineering 2/dva313-project/dashboard/src/bower_components","/home/gunnar/Nextcloud/Skola/MDH/DVA313 - Software Engineering 2/dva313-project/dashboard/src/node_modules"]}
[01:11:20.477] Finished typings discovery: {"cachedTypingPaths":[],"newTypingNames":[],"filesToWatch":["/home/gunnar/Nextcloud/Skola/MDH/DVA313 - Software Engineering 2/dva313-project/dashboard/src/charts/bower_components","/home/gunnar/Nextcloud/Skola/MDH/DVA313 - Software Engineering 2/dva313-project/dashboard/src/charts/node_modules","/home/gunnar/Nextcloud/Skola/MDH/DVA313 - Software Engineering 2/dva313-project/dashboard/src/bower_components","/home/gunnar/Nextcloud/Skola/MDH/DVA313 - Software Engineering 2/dva313-project/dashboard/src/node_modules"]}
[01:11:20.477] Sending response:
    {"projectName":"/dev/null/inferredProject3*","typeAcquisition":{"enable":true,"include":[],"exclude":[]},"compilerOptions":{"target":1,"jsx":1,"allowNonTsExtensions":true,"allowJs":true,"noEmitForJsFiles":true,"maxNodeModuleJsDepth":2},"typings":[],"unresolvedImports":[],"kind":"action::set"}
[01:11:20.477] Response has been sent.
[01:11:20.478] No new typings were requested as a result of typings discovery
[01:16:33.050] Got install request {"projectName":"/dev/null/inferredProject3*","fileNames":["/usr/local/lib/node_modules/typescript/lib/lib.d.ts","/usr/local/lib/node_modules/typescript/lib/lib.es5.d.ts","/usr/local/lib/node_modules/typescript/lib/lib.dom.d.ts","/usr/local/lib/node_modules/typescript/lib/lib.webworker.importscripts.d.ts","/usr/local/lib/node_modules/typescript/lib/lib.scripthost.d.ts","/home/gunnar/Nextcloud/Skola/MDH/DVA313 - Software Engineering 2/dva313-project/dashboard/src/chart.js","/home/gunnar/Nextcloud/Skola/MDH/DVA313 - Software Engineering 2/dva313-project/dashboard/src/App.js"],"compilerOptions":{"target":1,"jsx":1,"allowNonTsExtensions":true,"allowJs":true,"noEmitForJsFiles":true,"maxNodeModuleJsDepth":2},"typeAcquisition":{"enable":true,"include":[],"exclude":[]},"unresolvedImports":[],"projectRootPath":"/home/gunnar/Nextcloud/Skola/MDH/DVA313 - Software Engineering 2/dva313-project/dashboard/src","kind":"discover"}
[01:16:33.050] Explicitly included types: []
[01:16:33.051] Inferred typings from unresolved imports: []
[01:16:33.051] Result: {"cachedTypingPaths":[],"newTypingNames":[],"filesToWatch":["/home/gunnar/Nextcloud/Skola/MDH/DVA313 - Software Engineering 2/dva313-project/dashboard/src/bower_components","/home/gunnar/Nextcloud/Skola/MDH/DVA313 - Software Engineering 2/dva313-project/dashboard/src/node_modules"]}
[01:16:33.051] Finished typings discovery: {"cachedTypingPaths":[],"newTypingNames":[],"filesToWatch":["/home/gunnar/Nextcloud/Skola/MDH/DVA313 - Software Engineering 2/dva313-project/dashboard/src/bower_components","/home/gunnar/Nextcloud/Skola/MDH/DVA313 - Software Engineering 2/dva313-project/dashboard/src/node_modules"]}
[01:16:33.051] DirectoryWatcher:: Closed:: WatchInfo: /home/gunnar/Nextcloud/Skola/MDH/DVA313 - Software Engineering 2/dva313-project/dashboard/src/charts
[01:16:33.051] Sending response:
    {"projectName":"/dev/null/inferredProject3*","typeAcquisition":{"enable":true,"include":[],"exclude":[]},"compilerOptions":{"target":1,"jsx":1,"allowNonTsExtensions":true,"allowJs":true,"noEmitForJsFiles":true,"maxNodeModuleJsDepth":2},"typings":[],"unresolvedImports":[],"kind":"action::set"}
[01:16:33.051] Response has been sent.
[01:16:33.051] No new typings were requested as a result of typings discovery
